<?xml version="1.0" encoding="UTF-8"?>
<!-- Generated by org.testng.reporters.JUnitReportReporter -->
<testsuite skipped="0" hostname="DESKTOP-3R8RF4R" name="Testcases.Tc_01" tests="1" failures="0" timestamp="03 Jun 2018 12:29:40 GMT" time="12.582" errors="0">
  <testcase name="tc01" time="12.582" classname="Testcases.Tc_01"/>
</testsuite> <!-- Testcases.Tc_01 -->
